<?xml version="1.0" encoding="UTF-8"?>
<testng-results skipped="0" failed="0" ignored="0" total="1" passed="1">
  <reporter-output>
  </reporter-output>
  <suite name="Default suite" duration-ms="41140" started-at="2020-10-31T19:42:26 IST" finished-at="2020-10-31T19:43:07 IST">
    <groups>
    </groups>
    <test name="Default test" duration-ms="41140" started-at="2020-10-31T19:42:26 IST" finished-at="2020-10-31T19:43:07 IST">
      <class name="VerifyCommunityName.VerifyCommunityNameLogin">
        <test-method status="PASS" signature="ValidateMotherLang()[pri:0, instance:VerifyCommunityName.VerifyCommunityNameLogin@5a955565]" name="ValidateMotherLang" duration-ms="41090" started-at="2020-10-31T19:42:26 IST" finished-at="2020-10-31T19:43:07 IST">
          <reporter-output>
          </reporter-output>
        </test-method> <!-- ValidateMotherLang -->
      </class> <!-- VerifyCommunityName.VerifyCommunityNameLogin -->
    </test> <!-- Default test -->
  </suite> <!-- Default suite -->
</testng-results>
